[2022-02-09 11:36:25] production.ERROR: RuntimeException: No supported encrypter found. The cipher and / or key length are invalid. in D:\xampp\htdocs\ansarerp\local\vendor\laravel\framework\src\Illuminate\Encryption\EncryptionServiceProvider.php:45
Stack trace:
#0 D:\xampp\htdocs\ansarerp\local\vendor\laravel\framework\src\Illuminate\Encryption\EncryptionServiceProvider.php(25): Illuminate\Encryption\EncryptionServiceProvider->getEncrypterForKeyAndCipher(NULL, 'AES-256-CBC')
#1 D:\xampp\htdocs\ansarerp\local\vendor\laravel\framework\src\Illuminate\Container\Container.php(731): Illuminate\Encryption\EncryptionServiceProvider->Illuminate\Encryption\{closure}(Object(Illuminate\Foundation\Application), Array)
#2 D:\xampp\htdocs\ansarerp\local\vendor\laravel\framework\src\Illuminate\Container\Container.php(629): Illuminate\Container\Container->build(Object(Closure), Array)
#3 D:\xampp\htdocs\ansarerp\local\vendor\laravel\framework\src\Illuminate\Foundation\Application.php(697): Illuminate\Container\Container->make('encrypter', Array)
#4 D:\xampp\htdocs\ansarerp\local\vendor\laravel\framework\src\Illuminate\Container\Container.php(849): Illuminate\Foundation\Application->make('encrypter')
#5 D:\xampp\htdocs\ansarerp\local\vendor\laravel\framework\src\Illuminate\Container\Container.php(804): Illuminate\Container\Container->resolveClass(Object(ReflectionParameter))
#6 D:\xampp\htdocs\ansarerp\local\vendor\laravel\framework\src\Illuminate\Container\Container.php(773): Illuminate\Container\Container->getDependencies(Array, Array)
#7 D:\xampp\htdocs\ansarerp\local\vendor\laravel\framework\src\Illuminate\Container\Container.php(629): Illuminate\Container\Container->build('App\\Http\\Middle...', Array)
#8 D:\xampp\htdocs\ansarerp\local\vendor\laravel\framework\src\Illuminate\Foundation\Application.php(697): Illuminate\Container\Container->make('App\\Http\\Middle...', Array)
#9 D:\xampp\htdocs\ansarerp\local\vendor\laravel\framework\src\Illuminate\Pipeline\Pipeline.php(126): Illuminate\Foundation\Application->make('App\\Http\\Middle...')
#10 [internal function]: Illuminate\Pipeline\Pipeline->Illuminate\Pipeline\{closure}(Object(Illuminate\Http\Request))
#11 D:\xampp\htdocs\ansarerp\local\vendor\laravel\framework\src\Illuminate\Routing\Pipeline.php(32): call_user_func(Object(Closure), Object(Illuminate\Http\Request))
#12 D:\xampp\htdocs\ansarerp\local\vendor\laravel\framework\src\Illuminate\Foundation\Http\Middleware\CheckForMaintenanceMode.php(44): Illuminate\Routing\Pipeline->Illuminate\Routing\{closure}(Object(Illuminate\Http\Request))
#13 [internal function]: Illuminate\Foundation\Http\Middleware\CheckForMaintenanceMode->handle(Object(Illuminate\Http\Request), Object(Closure))
#14 D:\xampp\htdocs\ansarerp\local\vendor\laravel\framework\src\Illuminate\Pipeline\Pipeline.php(136): call_user_func_array(Array, Array)
#15 [internal function]: Illuminate\Pipeline\Pipeline->Illuminate\Pipeline\{closure}(Object(Illuminate\Http\Request))
#16 D:\xampp\htdocs\ansarerp\local\vendor\laravel\framework\src\Illuminate\Routing\Pipeline.php(32): call_user_func(Object(Closure), Object(Illuminate\Http\Request))
#17 [internal function]: Illuminate\Routing\Pipeline->Illuminate\Routing\{closure}(Object(Illuminate\Http\Request))
#18 D:\xampp\htdocs\ansarerp\local\vendor\laravel\framework\src\Illuminate\Pipeline\Pipeline.php(102): call_user_func(Object(Closure), Object(Illuminate\Http\Request))
#19 D:\xampp\htdocs\ansarerp\local\vendor\laravel\framework\src\Illuminate\Foundation\Http\Kernel.php(132): Illuminate\Pipeline\Pipeline->then(Object(Closure))
#20 D:\xampp\htdocs\ansarerp\local\vendor\laravel\framework\src\Illuminate\Foundation\Http\Kernel.php(99): Illuminate\Foundation\Http\Kernel->sendRequestThroughRouter(Object(Illuminate\Http\Request))
#21 D:\xampp\htdocs\ansarerp\index.php(59): Illuminate\Foundation\Http\Kernel->handle(Object(Illuminate\Http\Request))
#22 {main}  
[2022-02-09 11:36:25] production.ERROR: RuntimeException: No supported encrypter found. The cipher and / or key length are invalid. in D:\xampp\htdocs\ansarerp\local\vendor\laravel\framework\src\Illuminate\Encryption\EncryptionServiceProvider.php:45
Stack trace:
#0 D:\xampp\htdocs\ansarerp\local\vendor\laravel\framework\src\Illuminate\Encryption\EncryptionServiceProvider.php(25): Illuminate\Encryption\EncryptionServiceProvider->getEncrypterForKeyAndCipher(NULL, 'AES-256-CBC')
#1 D:\xampp\htdocs\ansarerp\local\vendor\laravel\framework\src\Illuminate\Container\Container.php(731): Illuminate\Encryption\EncryptionServiceProvider->Illuminate\Encryption\{closure}(Object(Illuminate\Foundation\Application), Array)
#2 D:\xampp\htdocs\ansarerp\local\vendor\laravel\framework\src\Illuminate\Container\Container.php(629): Illuminate\Container\Container->build(Object(Closure), Array)
#3 D:\xampp\htdocs\ansarerp\local\vendor\laravel\framework\src\Illuminate\Foundation\Application.php(697): Illuminate\Container\Container->make('encrypter', Array)
#4 D:\xampp\htdocs\ansarerp\local\vendor\laravel\framework\src\Illuminate\Container\Container.php(849): Illuminate\Foundation\Application->make('encrypter')
#5 D:\xampp\htdocs\ansarerp\local\vendor\laravel\framework\src\Illuminate\Container\Container.php(804): Illuminate\Container\Container->resolveClass(Object(ReflectionParameter))
#6 D:\xampp\htdocs\ansarerp\local\vendor\laravel\framework\src\Illuminate\Container\Container.php(773): Illuminate\Container\Container->getDependencies(Array, Array)
#7 D:\xampp\htdocs\ansarerp\local\vendor\laravel\framework\src\Illuminate\Container\Container.php(629): Illuminate\Container\Container->build('App\\Http\\Middle...', Array)
#8 D:\xampp\htdocs\ansarerp\local\vendor\laravel\framework\src\Illuminate\Foundation\Application.php(697): Illuminate\Container\Container->make('App\\Http\\Middle...', Array)
#9 D:\xampp\htdocs\ansarerp\local\vendor\laravel\framework\src\Illuminate\Foundation\Http\Kernel.php(152): Illuminate\Foundation\Application->make('App\\Http\\Middle...')
#10 D:\xampp\htdocs\ansarerp\index.php(64): Illuminate\Foundation\Http\Kernel->terminate(Object(Illuminate\Http\Request), Object(Illuminate\Http\Response))
#11 {main}  
[2022-02-09 15:28:29] production.ERROR: RuntimeException: No supported encrypter found. The cipher and / or key length are invalid. in D:\xampp\htdocs\ansarerp\local\vendor\laravel\framework\src\Illuminate\Encryption\EncryptionServiceProvider.php:45
Stack trace:
#0 D:\xampp\htdocs\ansarerp\local\vendor\laravel\framework\src\Illuminate\Encryption\EncryptionServiceProvider.php(25): Illuminate\Encryption\EncryptionServiceProvider->getEncrypterForKeyAndCipher(NULL, 'AES-256-CBC')
#1 D:\xampp\htdocs\ansarerp\local\vendor\laravel\framework\src\Illuminate\Container\Container.php(731): Illuminate\Encryption\EncryptionServiceProvider->Illuminate\Encryption\{closure}(Object(Illuminate\Foundation\Application), Array)
#2 D:\xampp\htdocs\ansarerp\local\vendor\laravel\framework\src\Illuminate\Container\Container.php(629): Illuminate\Container\Container->build(Object(Closure), Array)
#3 D:\xampp\htdocs\ansarerp\local\vendor\laravel\framework\src\Illuminate\Foundation\Application.php(697): Illuminate\Container\Container->make('encrypter', Array)
#4 D:\xampp\htdocs\ansarerp\local\vendor\laravel\framework\src\Illuminate\Container\Container.php(849): Illuminate\Foundation\Application->make('encrypter')
#5 D:\xampp\htdocs\ansarerp\local\vendor\laravel\framework\src\Illuminate\Container\Container.php(804): Illuminate\Container\Container->resolveClass(Object(ReflectionParameter))
#6 D:\xampp\htdocs\ansarerp\local\vendor\laravel\framework\src\Illuminate\Container\Container.php(773): Illuminate\Container\Container->getDependencies(Array, Array)
#7 D:\xampp\htdocs\ansarerp\local\vendor\laravel\framework\src\Illuminate\Container\Container.php(629): Illuminate\Container\Container->build('App\\Http\\Middle...', Array)
#8 D:\xampp\htdocs\ansarerp\local\vendor\laravel\framework\src\Illuminate\Foundation\Application.php(697): Illuminate\Container\Container->make('App\\Http\\Middle...', Array)
#9 D:\xampp\htdocs\ansarerp\local\vendor\laravel\framework\src\Illuminate\Pipeline\Pipeline.php(126): Illuminate\Foundation\Application->make('App\\Http\\Middle...')
#10 [internal function]: Illuminate\Pipeline\Pipeline->Illuminate\Pipeline\{closure}(Object(Illuminate\Http\Request))
#11 D:\xampp\htdocs\ansarerp\local\vendor\laravel\framework\src\Illuminate\Routing\Pipeline.php(32): call_user_func(Object(Closure), Object(Illuminate\Http\Request))
#12 D:\xampp\htdocs\ansarerp\local\vendor\laravel\framework\src\Illuminate\Foundation\Http\Middleware\CheckForMaintenanceMode.php(44): Illuminate\Routing\Pipeline->Illuminate\Routing\{closure}(Object(Illuminate\Http\Request))
#13 [internal function]: Illuminate\Foundation\Http\Middleware\CheckForMaintenanceMode->handle(Object(Illuminate\Http\Request), Object(Closure))
#14 D:\xampp\htdocs\ansarerp\local\vendor\laravel\framework\src\Illuminate\Pipeline\Pipeline.php(136): call_user_func_array(Array, Array)
#15 [internal function]: Illuminate\Pipeline\Pipeline->Illuminate\Pipeline\{closure}(Object(Illuminate\Http\Request))
#16 D:\xampp\htdocs\ansarerp\local\vendor\laravel\framework\src\Illuminate\Routing\Pipeline.php(32): call_user_func(Object(Closure), Object(Illuminate\Http\Request))
#17 [internal function]: Illuminate\Routing\Pipeline->Illuminate\Routing\{closure}(Object(Illuminate\Http\Request))
#18 D:\xampp\htdocs\ansarerp\local\vendor\laravel\framework\src\Illuminate\Pipeline\Pipeline.php(102): call_user_func(Object(Closure), Object(Illuminate\Http\Request))
#19 D:\xampp\htdocs\ansarerp\local\vendor\laravel\framework\src\Illuminate\Foundation\Http\Kernel.php(132): Illuminate\Pipeline\Pipeline->then(Object(Closure))
#20 D:\xampp\htdocs\ansarerp\local\vendor\laravel\framework\src\Illuminate\Foundation\Http\Kernel.php(99): Illuminate\Foundation\Http\Kernel->sendRequestThroughRouter(Object(Illuminate\Http\Request))
#21 D:\xampp\htdocs\ansarerp\index.php(59): Illuminate\Foundation\Http\Kernel->handle(Object(Illuminate\Http\Request))
#22 {main}  
[2022-02-09 15:28:29] production.ERROR: RuntimeException: No supported encrypter found. The cipher and / or key length are invalid. in D:\xampp\htdocs\ansarerp\local\vendor\laravel\framework\src\Illuminate\Encryption\EncryptionServiceProvider.php:45
Stack trace:
#0 D:\xampp\htdocs\ansarerp\local\vendor\laravel\framework\src\Illuminate\Encryption\EncryptionServiceProvider.php(25): Illuminate\Encryption\EncryptionServiceProvider->getEncrypterForKeyAndCipher(NULL, 'AES-256-CBC')
#1 D:\xampp\htdocs\ansarerp\local\vendor\laravel\framework\src\Illuminate\Container\Container.php(731): Illuminate\Encryption\EncryptionServiceProvider->Illuminate\Encryption\{closure}(Object(Illuminate\Foundation\Application), Array)
#2 D:\xampp\htdocs\ansarerp\local\vendor\laravel\framework\src\Illuminate\Container\Container.php(629): Illuminate\Container\Container->build(Object(Closure), Array)
#3 D:\xampp\htdocs\ansarerp\local\vendor\laravel\framework\src\Illuminate\Foundation\Application.php(697): Illuminate\Container\Container->make('encrypter', Array)
#4 D:\xampp\htdocs\ansarerp\local\vendor\laravel\framework\src\Illuminate\Container\Container.php(849): Illuminate\Foundation\Application->make('encrypter')
#5 D:\xampp\htdocs\ansarerp\local\vendor\laravel\framework\src\Illuminate\Container\Container.php(804): Illuminate\Container\Container->resolveClass(Object(ReflectionParameter))
#6 D:\xampp\htdocs\ansarerp\local\vendor\laravel\framework\src\Illuminate\Container\Container.php(773): Illuminate\Container\Container->getDependencies(Array, Array)
#7 D:\xampp\htdocs\ansarerp\local\vendor\laravel\framework\src\Illuminate\Container\Container.php(629): Illuminate\Container\Container->build('App\\Http\\Middle...', Array)
#8 D:\xampp\htdocs\ansarerp\local\vendor\laravel\framework\src\Illuminate\Foundation\Application.php(697): Illuminate\Container\Container->make('App\\Http\\Middle...', Array)
#9 D:\xampp\htdocs\ansarerp\local\vendor\laravel\framework\src\Illuminate\Foundation\Http\Kernel.php(152): Illuminate\Foundation\Application->make('App\\Http\\Middle...')
#10 D:\xampp\htdocs\ansarerp\index.php(64): Illuminate\Foundation\Http\Kernel->terminate(Object(Illuminate\Http\Request), Object(Illuminate\Http\Response))
#11 {main}  
[2022-02-09 15:43:25] production.ERROR: RuntimeException: No supported encrypter found. The cipher and / or key length are invalid. in D:\xampp\htdocs\ansarerp\local\vendor\laravel\framework\src\Illuminate\Encryption\EncryptionServiceProvider.php:45
Stack trace:
#0 D:\xampp\htdocs\ansarerp\local\vendor\laravel\framework\src\Illuminate\Encryption\EncryptionServiceProvider.php(25): Illuminate\Encryption\EncryptionServiceProvider->getEncrypterForKeyAndCipher(NULL, 'AES-256-CBC')
#1 D:\xampp\htdocs\ansarerp\local\vendor\laravel\framework\src\Illuminate\Container\Container.php(731): Illuminate\Encryption\EncryptionServiceProvider->Illuminate\Encryption\{closure}(Object(Illuminate\Foundation\Application), Array)
#2 D:\xampp\htdocs\ansarerp\local\vendor\laravel\framework\src\Illuminate\Container\Container.php(629): Illuminate\Container\Container->build(Object(Closure), Array)
#3 D:\xampp\htdocs\ansarerp\local\vendor\laravel\framework\src\Illuminate\Foundation\Application.php(697): Illuminate\Container\Container->make('encrypter', Array)
#4 D:\xampp\htdocs\ansarerp\local\vendor\laravel\framework\src\Illuminate\Container\Container.php(849): Illuminate\Foundation\Application->make('encrypter')
#5 D:\xampp\htdocs\ansarerp\local\vendor\laravel\framework\src\Illuminate\Container\Container.php(804): Illuminate\Container\Container->resolveClass(Object(ReflectionParameter))
#6 D:\xampp\htdocs\ansarerp\local\vendor\laravel\framework\src\Illuminate\Container\Container.php(773): Illuminate\Container\Container->getDependencies(Array, Array)
#7 D:\xampp\htdocs\ansarerp\local\vendor\laravel\framework\src\Illuminate\Container\Container.php(629): Illuminate\Container\Container->build('App\\Http\\Middle...', Array)
#8 D:\xampp\htdocs\ansarerp\local\vendor\laravel\framework\src\Illuminate\Foundation\Application.php(697): Illuminate\Container\Container->make('App\\Http\\Middle...', Array)
#9 D:\xampp\htdocs\ansarerp\local\vendor\laravel\framework\src\Illuminate\Pipeline\Pipeline.php(126): Illuminate\Foundation\Application->make('App\\Http\\Middle...')
#10 [internal function]: Illuminate\Pipeline\Pipeline->Illuminate\Pipeline\{closure}(Object(Illuminate\Http\Request))
#11 D:\xampp\htdocs\ansarerp\local\vendor\laravel\framework\src\Illuminate\Routing\Pipeline.php(32): call_user_func(Object(Closure), Object(Illuminate\Http\Request))
#12 D:\xampp\htdocs\ansarerp\local\vendor\laravel\framework\src\Illuminate\Foundation\Http\Middleware\CheckForMaintenanceMode.php(44): Illuminate\Routing\Pipeline->Illuminate\Routing\{closure}(Object(Illuminate\Http\Request))
#13 [internal function]: Illuminate\Foundation\Http\Middleware\CheckForMaintenanceMode->handle(Object(Illuminate\Http\Request), Object(Closure))
#14 D:\xampp\htdocs\ansarerp\local\vendor\laravel\framework\src\Illuminate\Pipeline\Pipeline.php(136): call_user_func_array(Array, Array)
#15 [internal function]: Illuminate\Pipeline\Pipeline->Illuminate\Pipeline\{closure}(Object(Illuminate\Http\Request))
#16 D:\xampp\htdocs\ansarerp\local\vendor\laravel\framework\src\Illuminate\Routing\Pipeline.php(32): call_user_func(Object(Closure), Object(Illuminate\Http\Request))
#17 [internal function]: Illuminate\Routing\Pipeline->Illuminate\Routing\{closure}(Object(Illuminate\Http\Request))
#18 D:\xampp\htdocs\ansarerp\local\vendor\laravel\framework\src\Illuminate\Pipeline\Pipeline.php(102): call_user_func(Object(Closure), Object(Illuminate\Http\Request))
#19 D:\xampp\htdocs\ansarerp\local\vendor\laravel\framework\src\Illuminate\Foundation\Http\Kernel.php(132): Illuminate\Pipeline\Pipeline->then(Object(Closure))
#20 D:\xampp\htdocs\ansarerp\local\vendor\laravel\framework\src\Illuminate\Foundation\Http\Kernel.php(99): Illuminate\Foundation\Http\Kernel->sendRequestThroughRouter(Object(Illuminate\Http\Request))
#21 D:\xampp\htdocs\ansarerp\index.php(59): Illuminate\Foundation\Http\Kernel->handle(Object(Illuminate\Http\Request))
#22 {main}  
[2022-02-09 15:43:25] production.ERROR: RuntimeException: No supported encrypter found. The cipher and / or key length are invalid. in D:\xampp\htdocs\ansarerp\local\vendor\laravel\framework\src\Illuminate\Encryption\EncryptionServiceProvider.php:45
Stack trace:
#0 D:\xampp\htdocs\ansarerp\local\vendor\laravel\framework\src\Illuminate\Encryption\EncryptionServiceProvider.php(25): Illuminate\Encryption\EncryptionServiceProvider->getEncrypterForKeyAndCipher(NULL, 'AES-256-CBC')
#1 D:\xampp\htdocs\ansarerp\local\vendor\laravel\framework\src\Illuminate\Container\Container.php(731): Illuminate\Encryption\EncryptionServiceProvider->Illuminate\Encryption\{closure}(Object(Illuminate\Foundation\Application), Array)
#2 D:\xampp\htdocs\ansarerp\local\vendor\laravel\framework\src\Illuminate\Container\Container.php(629): Illuminate\Container\Container->build(Object(Closure), Array)
#3 D:\xampp\htdocs\ansarerp\local\vendor\laravel\framework\src\Illuminate\Foundation\Application.php(697): Illuminate\Container\Container->make('encrypter', Array)
#4 D:\xampp\htdocs\ansarerp\local\vendor\laravel\framework\src\Illuminate\Container\Container.php(849): Illuminate\Foundation\Application->make('encrypter')
#5 D:\xampp\htdocs\ansarerp\local\vendor\laravel\framework\src\Illuminate\Container\Container.php(804): Illuminate\Container\Container->resolveClass(Object(ReflectionParameter))
#6 D:\xampp\htdocs\ansarerp\local\vendor\laravel\framework\src\Illuminate\Container\Container.php(773): Illuminate\Container\Container->getDependencies(Array, Array)
#7 D:\xampp\htdocs\ansarerp\local\vendor\laravel\framework\src\Illuminate\Container\Container.php(629): Illuminate\Container\Container->build('App\\Http\\Middle...', Array)
#8 D:\xampp\htdocs\ansarerp\local\vendor\laravel\framework\src\Illuminate\Foundation\Application.php(697): Illuminate\Container\Container->make('App\\Http\\Middle...', Array)
#9 D:\xampp\htdocs\ansarerp\local\vendor\laravel\framework\src\Illuminate\Pipeline\Pipeline.php(126): Illuminate\Foundation\Application->make('App\\Http\\Middle...')
#10 [internal function]: Illuminate\Pipeline\Pipeline->Illuminate\Pipeline\{closure}(Object(Illuminate\Http\Request))
#11 D:\xampp\htdocs\ansarerp\local\vendor\laravel\framework\src\Illuminate\Routing\Pipeline.php(32): call_user_func(Object(Closure), Object(Illuminate\Http\Request))
#12 D:\xampp\htdocs\ansarerp\local\vendor\laravel\framework\src\Illuminate\Foundation\Http\Middleware\CheckForMaintenanceMode.php(44): Illuminate\Routing\Pipeline->Illuminate\Routing\{closure}(Object(Illuminate\Http\Request))
#13 [internal function]: Illuminate\Foundation\Http\Middleware\CheckForMaintenanceMode->handle(Object(Illuminate\Http\Request), Object(Closure))
#14 D:\xampp\htdocs\ansarerp\local\vendor\laravel\framework\src\Illuminate\Pipeline\Pipeline.php(136): call_user_func_array(Array, Array)
#15 [internal function]: Illuminate\Pipeline\Pipeline->Illuminate\Pipeline\{closure}(Object(Illuminate\Http\Request))
#16 D:\xampp\htdocs\ansarerp\local\vendor\laravel\framework\src\Illuminate\Routing\Pipeline.php(32): call_user_func(Object(Closure), Object(Illuminate\Http\Request))
#17 [internal function]: Illuminate\Routing\Pipeline->Illuminate\Routing\{closure}(Object(Illuminate\Http\Request))
#18 D:\xampp\htdocs\ansarerp\local\vendor\laravel\framework\src\Illuminate\Pipeline\Pipeline.php(102): call_user_func(Object(Closure), Object(Illuminate\Http\Request))
#19 D:\xampp\htdocs\ansarerp\local\vendor\laravel\framework\src\Illuminate\Foundation\Http\Kernel.php(132): Illuminate\Pipeline\Pipeline->then(Object(Closure))
#20 D:\xampp\htdocs\ansarerp\local\vendor\laravel\framework\src\Illuminate\Foundation\Http\Kernel.php(99): Illuminate\Foundation\Http\Kernel->sendRequestThroughRouter(Object(Illuminate\Http\Request))
#21 D:\xampp\htdocs\ansarerp\index.php(59): Illuminate\Foundation\Http\Kernel->handle(Object(Illuminate\Http\Request))
#22 {main}  
[2022-02-09 15:43:25] production.ERROR: RuntimeException: No supported encrypter found. The cipher and / or key length are invalid. in D:\xampp\htdocs\ansarerp\local\vendor\laravel\framework\src\Illuminate\Encryption\EncryptionServiceProvider.php:45
Stack trace:
#0 D:\xampp\htdocs\ansarerp\local\vendor\laravel\framework\src\Illuminate\Encryption\EncryptionServiceProvider.php(25): Illuminate\Encryption\EncryptionServiceProvider->getEncrypterForKeyAndCipher(NULL, 'AES-256-CBC')
#1 D:\xampp\htdocs\ansarerp\local\vendor\laravel\framework\src\Illuminate\Container\Container.php(731): Illuminate\Encryption\EncryptionServiceProvider->Illuminate\Encryption\{closure}(Object(Illuminate\Foundation\Application), Array)
#2 D:\xampp\htdocs\ansarerp\local\vendor\laravel\framework\src\Illuminate\Container\Container.php(629): Illuminate\Container\Container->build(Object(Closure), Array)
#3 D:\xampp\htdocs\ansarerp\local\vendor\laravel\framework\src\Illuminate\Foundation\Application.php(697): Illuminate\Container\Container->make('encrypter', Array)
#4 D:\xampp\htdocs\ansarerp\local\vendor\laravel\framework\src\Illuminate\Container\Container.php(849): Illuminate\Foundation\Application->make('encrypter')
#5 D:\xampp\htdocs\ansarerp\local\vendor\laravel\framework\src\Illuminate\Container\Container.php(804): Illuminate\Container\Container->resolveClass(Object(ReflectionParameter))
#6 D:\xampp\htdocs\ansarerp\local\vendor\laravel\framework\src\Illuminate\Container\Container.php(773): Illuminate\Container\Container->getDependencies(Array, Array)
#7 D:\xampp\htdocs\ansarerp\local\vendor\laravel\framework\src\Illuminate\Container\Container.php(629): Illuminate\Container\Container->build('App\\Http\\Middle...', Array)
#8 D:\xampp\htdocs\ansarerp\local\vendor\laravel\framework\src\Illuminate\Foundation\Application.php(697): Illuminate\Container\Container->make('App\\Http\\Middle...', Array)
#9 D:\xampp\htdocs\ansarerp\local\vendor\laravel\framework\src\Illuminate\Foundation\Http\Kernel.php(152): Illuminate\Foundation\Application->make('App\\Http\\Middle...')
#10 D:\xampp\htdocs\ansarerp\index.php(64): Illuminate\Foundation\Http\Kernel->terminate(Object(Illuminate\Http\Request), Object(Illuminate\Http\Response))
#11 {main}  
[2022-02-09 15:43:25] production.ERROR: RuntimeException: No supported encrypter found. The cipher and / or key length are invalid. in D:\xampp\htdocs\ansarerp\local\vendor\laravel\framework\src\Illuminate\Encryption\EncryptionServiceProvider.php:45
Stack trace:
#0 D:\xampp\htdocs\ansarerp\local\vendor\laravel\framework\src\Illuminate\Encryption\EncryptionServiceProvider.php(25): Illuminate\Encryption\EncryptionServiceProvider->getEncrypterForKeyAndCipher(NULL, 'AES-256-CBC')
#1 D:\xampp\htdocs\ansarerp\local\vendor\laravel\framework\src\Illuminate\Container\Container.php(731): Illuminate\Encryption\EncryptionServiceProvider->Illuminate\Encryption\{closure}(Object(Illuminate\Foundation\Application), Array)
#2 D:\xampp\htdocs\ansarerp\local\vendor\laravel\framework\src\Illuminate\Container\Container.php(629): Illuminate\Container\Container->build(Object(Closure), Array)
#3 D:\xampp\htdocs\ansarerp\local\vendor\laravel\framework\src\Illuminate\Foundation\Application.php(697): Illuminate\Container\Container->make('encrypter', Array)
#4 D:\xampp\htdocs\ansarerp\local\vendor\laravel\framework\src\Illuminate\Container\Container.php(849): Illuminate\Foundation\Application->make('encrypter')
#5 D:\xampp\htdocs\ansarerp\local\vendor\laravel\framework\src\Illuminate\Container\Container.php(804): Illuminate\Container\Container->resolveClass(Object(ReflectionParameter))
#6 D:\xampp\htdocs\ansarerp\local\vendor\laravel\framework\src\Illuminate\Container\Container.php(773): Illuminate\Container\Container->getDependencies(Array, Array)
#7 D:\xampp\htdocs\ansarerp\local\vendor\laravel\framework\src\Illuminate\Container\Container.php(629): Illuminate\Container\Container->build('App\\Http\\Middle...', Array)
#8 D:\xampp\htdocs\ansarerp\local\vendor\laravel\framework\src\Illuminate\Foundation\Application.php(697): Illuminate\Container\Container->make('App\\Http\\Middle...', Array)
#9 D:\xampp\htdocs\ansarerp\local\vendor\laravel\framework\src\Illuminate\Foundation\Http\Kernel.php(152): Illuminate\Foundation\Application->make('App\\Http\\Middle...')
#10 D:\xampp\htdocs\ansarerp\index.php(64): Illuminate\Foundation\Http\Kernel->terminate(Object(Illuminate\Http\Request), Object(Illuminate\Http\Response))
#11 {main}  
